<?xml version="1.0" encoding="UTF-8"?>
<testsuite xmlns:xsi="http://www.w3.org/2001/XMLSchema-instance" xsi:noNamespaceSchemaLocation="https://maven.apache.org/surefire/maven-surefire-plugin/xsd/surefire-test-report.xsd" name="com.example.demo.DemoApplicationTests" time="4.361" tests="1" errors="1" skipped="0" failures="0">
  <properties>
    <property name="sun.desktop" value="windows"/>
    <property name="awt.toolkit" value="sun.awt.windows.WToolkit"/>
    <property name="file.encoding.pkg" value="sun.io"/>
    <property name="java.specification.version" value="1.8"/>
    <property name="sun.cpu.isalist" value="amd64"/>
    <property name="sun.jnu.encoding" value="GBK"/>
    <property name="java.class.path" value="C:\Users\wangz\IdeaProjects\Redis-MQTT_Demo\target\test-classes;C:\Users\wangz\IdeaProjects\Redis-MQTT_Demo\target\classes;C:\Users\wangz\.m2\repository\org\springframework\boot\spring-boot-starter-amqp\2.1.3.RELEASE\spring-boot-starter-amqp-2.1.3.RELEASE.jar;C:\Users\wangz\.m2\repository\org\springframework\boot\spring-boot-starter\2.1.3.RELEASE\spring-boot-starter-2.1.3.RELEASE.jar;C:\Users\wangz\.m2\repository\org\springframework\boot\spring-boot\2.1.3.RELEASE\spring-boot-2.1.3.RELEASE.jar;C:\Users\wangz\.m2\repository\org\springframework\boot\spring-boot-autoconfigure\2.1.3.RELEASE\spring-boot-autoconfigure-2.1.3.RELEASE.jar;C:\Users\wangz\.m2\repository\org\springframework\boot\spring-boot-starter-logging\2.1.3.RELEASE\spring-boot-starter-logging-2.1.3.RELEASE.jar;C:\Users\wangz\.m2\repository\ch\qos\logback\logback-classic\1.2.3\logback-classic-1.2.3.jar;C:\Users\wangz\.m2\repository\ch\qos\logback\logback-core\1.2.3\logback-core-1.2.3.jar;C:\Users\wangz\.m2\repository\org\apache\logging\log4j\log4j-to-slf4j\2.11.2\log4j-to-slf4j-2.11.2.jar;C:\Users\wangz\.m2\repository\org\apache\logging\log4j\log4j-api\2.11.2\log4j-api-2.11.2.jar;C:\Users\wangz\.m2\repository\org\slf4j\jul-to-slf4j\1.7.25\jul-to-slf4j-1.7.25.jar;C:\Users\wangz\.m2\repository\javax\annotation\javax.annotation-api\1.3.2\javax.annotation-api-1.3.2.jar;C:\Users\wangz\.m2\repository\org\yaml\snakeyaml\1.23\snakeyaml-1.23.jar;C:\Users\wangz\.m2\repository\org\springframework\spring-messaging\5.1.5.RELEASE\spring-messaging-5.1.5.RELEASE.jar;C:\Users\wangz\.m2\repository\org\springframework\spring-beans\5.1.5.RELEASE\spring-beans-5.1.5.RELEASE.jar;C:\Users\wangz\.m2\repository\org\springframework\amqp\spring-rabbit\2.1.4.RELEASE\spring-rabbit-2.1.4.RELEASE.jar;C:\Users\wangz\.m2\repository\org\springframework\amqp\spring-amqp\2.1.4.RELEASE\spring-amqp-2.1.4.RELEASE.jar;C:\Users\wangz\.m2\repository\com\rabbitmq\amqp-client\5.4.3\amqp-client-5.4.3.jar;C:\Users\wangz\.m2\repository\org\springframework\spring-context\5.1.5.RELEASE\spring-context-5.1.5.RELEASE.jar;C:\Users\wangz\.m2\repository\org\springframework\spring-expression\5.1.5.RELEASE\spring-expression-5.1.5.RELEASE.jar;C:\Users\wangz\.m2\repository\org\springframework\spring-tx\5.1.5.RELEASE\spring-tx-5.1.5.RELEASE.jar;C:\Users\wangz\.m2\repository\org\springframework\boot\spring-boot-starter-cache\2.1.3.RELEASE\spring-boot-starter-cache-2.1.3.RELEASE.jar;C:\Users\wangz\.m2\repository\org\springframework\spring-context-support\5.1.5.RELEASE\spring-context-support-5.1.5.RELEASE.jar;C:\Users\wangz\.m2\repository\org\springframework\boot\spring-boot-starter-data-redis\2.1.3.RELEASE\spring-boot-starter-data-redis-2.1.3.RELEASE.jar;C:\Users\wangz\.m2\repository\org\springframework\data\spring-data-redis\2.1.5.RELEASE\spring-data-redis-2.1.5.RELEASE.jar;C:\Users\wangz\.m2\repository\org\springframework\data\spring-data-keyvalue\2.1.5.RELEASE\spring-data-keyvalue-2.1.5.RELEASE.jar;C:\Users\wangz\.m2\repository\org\springframework\data\spring-data-commons\2.1.5.RELEASE\spring-data-commons-2.1.5.RELEASE.jar;C:\Users\wangz\.m2\repository\org\springframework\spring-oxm\5.1.5.RELEASE\spring-oxm-5.1.5.RELEASE.jar;C:\Users\wangz\.m2\repository\org\springframework\spring-aop\5.1.5.RELEASE\spring-aop-5.1.5.RELEASE.jar;C:\Users\wangz\.m2\repository\org\slf4j\slf4j-api\1.7.25\slf4j-api-1.7.25.jar;C:\Users\wangz\.m2\repository\io\lettuce\lettuce-core\5.1.4.RELEASE\lettuce-core-5.1.4.RELEASE.jar;C:\Users\wangz\.m2\repository\io\netty\netty-common\4.1.33.Final\netty-common-4.1.33.Final.jar;C:\Users\wangz\.m2\repository\io\netty\netty-handler\4.1.33.Final\netty-handler-4.1.33.Final.jar;C:\Users\wangz\.m2\repository\io\netty\netty-buffer\4.1.33.Final\netty-buffer-4.1.33.Final.jar;C:\Users\wangz\.m2\repository\io\netty\netty-codec\4.1.33.Final\netty-codec-4.1.33.Final.jar;C:\Users\wangz\.m2\repository\io\netty\netty-transport\4.1.33.Final\netty-transport-4.1.33.Final.jar;C:\Users\wangz\.m2\repository\io\netty\netty-resolver\4.1.33.Final\netty-resolver-4.1.33.Final.jar;C:\Users\wangz\.m2\repository\io\projectreactor\reactor-core\3.2.6.RELEASE\reactor-core-3.2.6.RELEASE.jar;C:\Users\wangz\.m2\repository\org\reactivestreams\reactive-streams\1.0.2\reactive-streams-1.0.2.jar;C:\Users\wangz\.m2\repository\de\codecentric\spring-boot-admin-starter-server\2.1.3\spring-boot-admin-starter-server-2.1.3.jar;C:\Users\wangz\.m2\repository\de\codecentric\spring-boot-admin-server\2.1.3\spring-boot-admin-server-2.1.3.jar;C:\Users\wangz\.m2\repository\org\springframework\boot\spring-boot-starter-webflux\2.1.3.RELEASE\spring-boot-starter-webflux-2.1.3.RELEASE.jar;C:\Users\wangz\.m2\repository\org\springframework\boot\spring-boot-starter-json\2.1.3.RELEASE\spring-boot-starter-json-2.1.3.RELEASE.jar;C:\Users\wangz\.m2\repository\com\fasterxml\jackson\core\jackson-databind\2.9.8\jackson-databind-2.9.8.jar;C:\Users\wangz\.m2\repository\com\fasterxml\jackson\core\jackson-annotations\2.9.0\jackson-annotations-2.9.0.jar;C:\Users\wangz\.m2\repository\com\fasterxml\jackson\core\jackson-core\2.9.8\jackson-core-2.9.8.jar;C:\Users\wangz\.m2\repository\com\fasterxml\jackson\datatype\jackson-datatype-jdk8\2.9.8\jackson-datatype-jdk8-2.9.8.jar;C:\Users\wangz\.m2\repository\com\fasterxml\jackson\datatype\jackson-datatype-jsr310\2.9.8\jackson-datatype-jsr310-2.9.8.jar;C:\Users\wangz\.m2\repository\com\fasterxml\jackson\module\jackson-module-parameter-names\2.9.8\jackson-module-parameter-names-2.9.8.jar;C:\Users\wangz\.m2\repository\org\springframework\boot\spring-boot-starter-reactor-netty\2.1.3.RELEASE\spring-boot-starter-reactor-netty-2.1.3.RELEASE.jar;C:\Users\wangz\.m2\repository\io\projectreactor\netty\reactor-netty\0.8.5.RELEASE\reactor-netty-0.8.5.RELEASE.jar;C:\Users\wangz\.m2\repository\io\netty\netty-codec-http\4.1.33.Final\netty-codec-http-4.1.33.Final.jar;C:\Users\wangz\.m2\repository\io\netty\netty-codec-http2\4.1.33.Final\netty-codec-http2-4.1.33.Final.jar;C:\Users\wangz\.m2\repository\io\netty\netty-handler-proxy\4.1.33.Final\netty-handler-proxy-4.1.33.Final.jar;C:\Users\wangz\.m2\repository\io\netty\netty-codec-socks\4.1.33.Final\netty-codec-socks-4.1.33.Final.jar;C:\Users\wangz\.m2\repository\io\netty\netty-transport-native-epoll\4.1.33.Final\netty-transport-native-epoll-4.1.33.Final-linux-x86_64.jar;C:\Users\wangz\.m2\repository\io\netty\netty-transport-native-unix-common\4.1.33.Final\netty-transport-native-unix-common-4.1.33.Final.jar;C:\Users\wangz\.m2\repository\org\hibernate\validator\hibernate-validator\6.0.14.Final\hibernate-validator-6.0.14.Final.jar;C:\Users\wangz\.m2\repository\javax\validation\validation-api\2.0.1.Final\validation-api-2.0.1.Final.jar;C:\Users\wangz\.m2\repository\org\jboss\logging\jboss-logging\3.3.2.Final\jboss-logging-3.3.2.Final.jar;C:\Users\wangz\.m2\repository\com\fasterxml\classmate\1.4.0\classmate-1.4.0.jar;C:\Users\wangz\.m2\repository\org\springframework\spring-web\5.1.5.RELEASE\spring-web-5.1.5.RELEASE.jar;C:\Users\wangz\.m2\repository\org\springframework\spring-webflux\5.1.5.RELEASE\spring-webflux-5.1.5.RELEASE.jar;C:\Users\wangz\.m2\repository\org\synchronoss\cloud\nio-multipart-parser\1.1.0\nio-multipart-parser-1.1.0.jar;C:\Users\wangz\.m2\repository\org\synchronoss\cloud\nio-stream-storage\1.1.3\nio-stream-storage-1.1.3.jar;C:\Users\wangz\.m2\repository\org\springframework\boot\spring-boot-starter-thymeleaf\2.1.3.RELEASE\spring-boot-starter-thymeleaf-2.1.3.RELEASE.jar;C:\Users\wangz\.m2\repository\org\thymeleaf\thymeleaf-spring5\3.0.11.RELEASE\thymeleaf-spring5-3.0.11.RELEASE.jar;C:\Users\wangz\.m2\repository\org\thymeleaf\thymeleaf\3.0.11.RELEASE\thymeleaf-3.0.11.RELEASE.jar;C:\Users\wangz\.m2\repository\org\attoparser\attoparser\2.0.5.RELEASE\attoparser-2.0.5.RELEASE.jar;C:\Users\wangz\.m2\repository\org\unbescape\unbescape\1.1.6.RELEASE\unbescape-1.1.6.RELEASE.jar;C:\Users\wangz\.m2\repository\org\thymeleaf\extras\thymeleaf-extras-java8time\3.0.3.RELEASE\thymeleaf-extras-java8time-3.0.3.RELEASE.jar;C:\Users\wangz\.m2\repository\org\springframework\boot\spring-boot-starter-actuator\2.1.3.RELEASE\spring-boot-starter-actuator-2.1.3.RELEASE.jar;C:\Users\wangz\.m2\repository\org\springframework\boot\spring-boot-actuator-autoconfigure\2.1.3.RELEASE\spring-boot-actuator-autoconfigure-2.1.3.RELEASE.jar;C:\Users\wangz\.m2\repository\org\springframework\boot\spring-boot-actuator\2.1.3.RELEASE\spring-boot-actuator-2.1.3.RELEASE.jar;C:\Users\wangz\.m2\repository\io\micrometer\micrometer-core\1.1.3\micrometer-core-1.1.3.jar;C:\Users\wangz\.m2\repository\org\hdrhistogram\HdrHistogram\2.1.9\HdrHistogram-2.1.9.jar;C:\Users\wangz\.m2\repository\org\latencyutils\LatencyUtils\2.0.3\LatencyUtils-2.0.3.jar;C:\Users\wangz\.m2\repository\io\projectreactor\addons\reactor-extra\3.2.2.RELEASE\reactor-extra-3.2.2.RELEASE.jar;C:\Users\wangz\.m2\repository\com\google\code\findbugs\jsr305\3.0.2\jsr305-3.0.2.jar;C:\Users\wangz\.m2\repository\de\codecentric\spring-boot-admin-server-ui\2.1.3\spring-boot-admin-server-ui-2.1.3.jar;C:\Users\wangz\.m2\repository\de\codecentric\spring-boot-admin-server-cloud\2.1.3\spring-boot-admin-server-cloud-2.1.3.jar;C:\Users\wangz\.m2\repository\org\springframework\boot\spring-boot-starter-test\2.1.3.RELEASE\spring-boot-starter-test-2.1.3.RELEASE.jar;C:\Users\wangz\.m2\repository\org\springframework\boot\spring-boot-test\2.1.3.RELEASE\spring-boot-test-2.1.3.RELEASE.jar;C:\Users\wangz\.m2\repository\org\springframework\boot\spring-boot-test-autoconfigure\2.1.3.RELEASE\spring-boot-test-autoconfigure-2.1.3.RELEASE.jar;C:\Users\wangz\.m2\repository\com\jayway\jsonpath\json-path\2.4.0\json-path-2.4.0.jar;C:\Users\wangz\.m2\repository\net\minidev\json-smart\2.3\json-smart-2.3.jar;C:\Users\wangz\.m2\repository\net\minidev\accessors-smart\1.2\accessors-smart-1.2.jar;C:\Users\wangz\.m2\repository\org\ow2\asm\asm\5.0.4\asm-5.0.4.jar;C:\Users\wangz\.m2\repository\junit\junit\4.12\junit-4.12.jar;C:\Users\wangz\.m2\repository\org\assertj\assertj-core\3.11.1\assertj-core-3.11.1.jar;C:\Users\wangz\.m2\repository\org\mockito\mockito-core\2.23.4\mockito-core-2.23.4.jar;C:\Users\wangz\.m2\repository\net\bytebuddy\byte-buddy\1.9.10\byte-buddy-1.9.10.jar;C:\Users\wangz\.m2\repository\net\bytebuddy\byte-buddy-agent\1.9.10\byte-buddy-agent-1.9.10.jar;C:\Users\wangz\.m2\repository\org\objenesis\objenesis\2.6\objenesis-2.6.jar;C:\Users\wangz\.m2\repository\org\hamcrest\hamcrest-core\1.3\hamcrest-core-1.3.jar;C:\Users\wangz\.m2\repository\org\hamcrest\hamcrest-library\1.3\hamcrest-library-1.3.jar;C:\Users\wangz\.m2\repository\org\skyscreamer\jsonassert\1.5.0\jsonassert-1.5.0.jar;C:\Users\wangz\.m2\repository\com\vaadin\external\google\android-json\0.0.20131108.vaadin1\android-json-0.0.20131108.vaadin1.jar;C:\Users\wangz\.m2\repository\org\springframework\spring-core\5.1.5.RELEASE\spring-core-5.1.5.RELEASE.jar;C:\Users\wangz\.m2\repository\org\springframework\spring-jcl\5.1.5.RELEASE\spring-jcl-5.1.5.RELEASE.jar;C:\Users\wangz\.m2\repository\org\springframework\spring-test\5.1.5.RELEASE\spring-test-5.1.5.RELEASE.jar;C:\Users\wangz\.m2\repository\org\xmlunit\xmlunit-core\2.6.2\xmlunit-core-2.6.2.jar;C:\Users\wangz\.m2\repository\org\springframework\boot\spring-boot-starter-integration\2.1.3.RELEASE\spring-boot-starter-integration-2.1.3.RELEASE.jar;C:\Users\wangz\.m2\repository\org\springframework\boot\spring-boot-starter-aop\2.1.3.RELEASE\spring-boot-starter-aop-2.1.3.RELEASE.jar;C:\Users\wangz\.m2\repository\org\aspectj\aspectjweaver\1.9.2\aspectjweaver-1.9.2.jar;C:\Users\wangz\.m2\repository\org\springframework\integration\spring-integration-core\5.1.3.RELEASE\spring-integration-core-5.1.3.RELEASE.jar;C:\Users\wangz\.m2\repository\org\springframework\retry\spring-retry\1.2.4.RELEASE\spring-retry-1.2.4.RELEASE.jar;C:\Users\wangz\.m2\repository\org\springframework\integration\spring-integration-stream\5.1.3.RELEASE\spring-integration-stream-5.1.3.RELEASE.jar;C:\Users\wangz\.m2\repository\org\springframework\integration\spring-integration-mqtt\5.1.3.RELEASE\spring-integration-mqtt-5.1.3.RELEASE.jar;C:\Users\wangz\.m2\repository\org\eclipse\paho\org.eclipse.paho.client.mqttv3\1.2.0\org.eclipse.paho.client.mqttv3-1.2.0.jar;C:\Users\wangz\.m2\repository\org\apache\commons\commons-lang3\3.4\commons-lang3-3.4.jar;"/>
    <property name="java.vm.vendor" value="Oracle Corporation"/>
    <property name="sun.arch.data.model" value="64"/>
    <property name="user.variant" value=""/>
    <property name="java.vendor.url" value="http://java.oracle.com/"/>
    <property name="user.timezone" value="America/Chicago"/>
    <property name="java.vm.specification.version" value="1.8"/>
    <property name="os.name" value="Windows 10"/>
    <property name="user.country" value="CN"/>
    <property name="sun.java.launcher" value="SUN_STANDARD"/>
    <property name="sun.boot.library.path" value="C:\Program Files\Java\jdk1.8.0_73\jre\bin"/>
    <property name="sun.java.command" value="C:\Users\wangz\AppData\Local\Temp\surefire1694783299164647571\surefirebooter170634841478598913.jar C:\Users\wangz\AppData\Local\Temp\surefire1694783299164647571 2019-03-09T12-35-58_093-jvmRun1 surefire6764539095352765804tmp surefire_07358165071340206576tmp"/>
    <property name="surefire.test.class.path" value="C:\Users\wangz\IdeaProjects\Redis-MQTT_Demo\target\test-classes;C:\Users\wangz\IdeaProjects\Redis-MQTT_Demo\target\classes;C:\Users\wangz\.m2\repository\org\springframework\boot\spring-boot-starter-amqp\2.1.3.RELEASE\spring-boot-starter-amqp-2.1.3.RELEASE.jar;C:\Users\wangz\.m2\repository\org\springframework\boot\spring-boot-starter\2.1.3.RELEASE\spring-boot-starter-2.1.3.RELEASE.jar;C:\Users\wangz\.m2\repository\org\springframework\boot\spring-boot\2.1.3.RELEASE\spring-boot-2.1.3.RELEASE.jar;C:\Users\wangz\.m2\repository\org\springframework\boot\spring-boot-autoconfigure\2.1.3.RELEASE\spring-boot-autoconfigure-2.1.3.RELEASE.jar;C:\Users\wangz\.m2\repository\org\springframework\boot\spring-boot-starter-logging\2.1.3.RELEASE\spring-boot-starter-logging-2.1.3.RELEASE.jar;C:\Users\wangz\.m2\repository\ch\qos\logback\logback-classic\1.2.3\logback-classic-1.2.3.jar;C:\Users\wangz\.m2\repository\ch\qos\logback\logback-core\1.2.3\logback-core-1.2.3.jar;C:\Users\wangz\.m2\repository\org\apache\logging\log4j\log4j-to-slf4j\2.11.2\log4j-to-slf4j-2.11.2.jar;C:\Users\wangz\.m2\repository\org\apache\logging\log4j\log4j-api\2.11.2\log4j-api-2.11.2.jar;C:\Users\wangz\.m2\repository\org\slf4j\jul-to-slf4j\1.7.25\jul-to-slf4j-1.7.25.jar;C:\Users\wangz\.m2\repository\javax\annotation\javax.annotation-api\1.3.2\javax.annotation-api-1.3.2.jar;C:\Users\wangz\.m2\repository\org\yaml\snakeyaml\1.23\snakeyaml-1.23.jar;C:\Users\wangz\.m2\repository\org\springframework\spring-messaging\5.1.5.RELEASE\spring-messaging-5.1.5.RELEASE.jar;C:\Users\wangz\.m2\repository\org\springframework\spring-beans\5.1.5.RELEASE\spring-beans-5.1.5.RELEASE.jar;C:\Users\wangz\.m2\repository\org\springframework\amqp\spring-rabbit\2.1.4.RELEASE\spring-rabbit-2.1.4.RELEASE.jar;C:\Users\wangz\.m2\repository\org\springframework\amqp\spring-amqp\2.1.4.RELEASE\spring-amqp-2.1.4.RELEASE.jar;C:\Users\wangz\.m2\repository\com\rabbitmq\amqp-client\5.4.3\amqp-client-5.4.3.jar;C:\Users\wangz\.m2\repository\org\springframework\spring-context\5.1.5.RELEASE\spring-context-5.1.5.RELEASE.jar;C:\Users\wangz\.m2\repository\org\springframework\spring-expression\5.1.5.RELEASE\spring-expression-5.1.5.RELEASE.jar;C:\Users\wangz\.m2\repository\org\springframework\spring-tx\5.1.5.RELEASE\spring-tx-5.1.5.RELEASE.jar;C:\Users\wangz\.m2\repository\org\springframework\boot\spring-boot-starter-cache\2.1.3.RELEASE\spring-boot-starter-cache-2.1.3.RELEASE.jar;C:\Users\wangz\.m2\repository\org\springframework\spring-context-support\5.1.5.RELEASE\spring-context-support-5.1.5.RELEASE.jar;C:\Users\wangz\.m2\repository\org\springframework\boot\spring-boot-starter-data-redis\2.1.3.RELEASE\spring-boot-starter-data-redis-2.1.3.RELEASE.jar;C:\Users\wangz\.m2\repository\org\springframework\data\spring-data-redis\2.1.5.RELEASE\spring-data-redis-2.1.5.RELEASE.jar;C:\Users\wangz\.m2\repository\org\springframework\data\spring-data-keyvalue\2.1.5.RELEASE\spring-data-keyvalue-2.1.5.RELEASE.jar;C:\Users\wangz\.m2\repository\org\springframework\data\spring-data-commons\2.1.5.RELEASE\spring-data-commons-2.1.5.RELEASE.jar;C:\Users\wangz\.m2\repository\org\springframework\spring-oxm\5.1.5.RELEASE\spring-oxm-5.1.5.RELEASE.jar;C:\Users\wangz\.m2\repository\org\springframework\spring-aop\5.1.5.RELEASE\spring-aop-5.1.5.RELEASE.jar;C:\Users\wangz\.m2\repository\org\slf4j\slf4j-api\1.7.25\slf4j-api-1.7.25.jar;C:\Users\wangz\.m2\repository\io\lettuce\lettuce-core\5.1.4.RELEASE\lettuce-core-5.1.4.RELEASE.jar;C:\Users\wangz\.m2\repository\io\netty\netty-common\4.1.33.Final\netty-common-4.1.33.Final.jar;C:\Users\wangz\.m2\repository\io\netty\netty-handler\4.1.33.Final\netty-handler-4.1.33.Final.jar;C:\Users\wangz\.m2\repository\io\netty\netty-buffer\4.1.33.Final\netty-buffer-4.1.33.Final.jar;C:\Users\wangz\.m2\repository\io\netty\netty-codec\4.1.33.Final\netty-codec-4.1.33.Final.jar;C:\Users\wangz\.m2\repository\io\netty\netty-transport\4.1.33.Final\netty-transport-4.1.33.Final.jar;C:\Users\wangz\.m2\repository\io\netty\netty-resolver\4.1.33.Final\netty-resolver-4.1.33.Final.jar;C:\Users\wangz\.m2\repository\io\projectreactor\reactor-core\3.2.6.RELEASE\reactor-core-3.2.6.RELEASE.jar;C:\Users\wangz\.m2\repository\org\reactivestreams\reactive-streams\1.0.2\reactive-streams-1.0.2.jar;C:\Users\wangz\.m2\repository\de\codecentric\spring-boot-admin-starter-server\2.1.3\spring-boot-admin-starter-server-2.1.3.jar;C:\Users\wangz\.m2\repository\de\codecentric\spring-boot-admin-server\2.1.3\spring-boot-admin-server-2.1.3.jar;C:\Users\wangz\.m2\repository\org\springframework\boot\spring-boot-starter-webflux\2.1.3.RELEASE\spring-boot-starter-webflux-2.1.3.RELEASE.jar;C:\Users\wangz\.m2\repository\org\springframework\boot\spring-boot-starter-json\2.1.3.RELEASE\spring-boot-starter-json-2.1.3.RELEASE.jar;C:\Users\wangz\.m2\repository\com\fasterxml\jackson\core\jackson-databind\2.9.8\jackson-databind-2.9.8.jar;C:\Users\wangz\.m2\repository\com\fasterxml\jackson\core\jackson-annotations\2.9.0\jackson-annotations-2.9.0.jar;C:\Users\wangz\.m2\repository\com\fasterxml\jackson\core\jackson-core\2.9.8\jackson-core-2.9.8.jar;C:\Users\wangz\.m2\repository\com\fasterxml\jackson\datatype\jackson-datatype-jdk8\2.9.8\jackson-datatype-jdk8-2.9.8.jar;C:\Users\wangz\.m2\repository\com\fasterxml\jackson\datatype\jackson-datatype-jsr310\2.9.8\jackson-datatype-jsr310-2.9.8.jar;C:\Users\wangz\.m2\repository\com\fasterxml\jackson\module\jackson-module-parameter-names\2.9.8\jackson-module-parameter-names-2.9.8.jar;C:\Users\wangz\.m2\repository\org\springframework\boot\spring-boot-starter-reactor-netty\2.1.3.RELEASE\spring-boot-starter-reactor-netty-2.1.3.RELEASE.jar;C:\Users\wangz\.m2\repository\io\projectreactor\netty\reactor-netty\0.8.5.RELEASE\reactor-netty-0.8.5.RELEASE.jar;C:\Users\wangz\.m2\repository\io\netty\netty-codec-http\4.1.33.Final\netty-codec-http-4.1.33.Final.jar;C:\Users\wangz\.m2\repository\io\netty\netty-codec-http2\4.1.33.Final\netty-codec-http2-4.1.33.Final.jar;C:\Users\wangz\.m2\repository\io\netty\netty-handler-proxy\4.1.33.Final\netty-handler-proxy-4.1.33.Final.jar;C:\Users\wangz\.m2\repository\io\netty\netty-codec-socks\4.1.33.Final\netty-codec-socks-4.1.33.Final.jar;C:\Users\wangz\.m2\repository\io\netty\netty-transport-native-epoll\4.1.33.Final\netty-transport-native-epoll-4.1.33.Final-linux-x86_64.jar;C:\Users\wangz\.m2\repository\io\netty\netty-transport-native-unix-common\4.1.33.Final\netty-transport-native-unix-common-4.1.33.Final.jar;C:\Users\wangz\.m2\repository\org\hibernate\validator\hibernate-validator\6.0.14.Final\hibernate-validator-6.0.14.Final.jar;C:\Users\wangz\.m2\repository\javax\validation\validation-api\2.0.1.Final\validation-api-2.0.1.Final.jar;C:\Users\wangz\.m2\repository\org\jboss\logging\jboss-logging\3.3.2.Final\jboss-logging-3.3.2.Final.jar;C:\Users\wangz\.m2\repository\com\fasterxml\classmate\1.4.0\classmate-1.4.0.jar;C:\Users\wangz\.m2\repository\org\springframework\spring-web\5.1.5.RELEASE\spring-web-5.1.5.RELEASE.jar;C:\Users\wangz\.m2\repository\org\springframework\spring-webflux\5.1.5.RELEASE\spring-webflux-5.1.5.RELEASE.jar;C:\Users\wangz\.m2\repository\org\synchronoss\cloud\nio-multipart-parser\1.1.0\nio-multipart-parser-1.1.0.jar;C:\Users\wangz\.m2\repository\org\synchronoss\cloud\nio-stream-storage\1.1.3\nio-stream-storage-1.1.3.jar;C:\Users\wangz\.m2\repository\org\springframework\boot\spring-boot-starter-thymeleaf\2.1.3.RELEASE\spring-boot-starter-thymeleaf-2.1.3.RELEASE.jar;C:\Users\wangz\.m2\repository\org\thymeleaf\thymeleaf-spring5\3.0.11.RELEASE\thymeleaf-spring5-3.0.11.RELEASE.jar;C:\Users\wangz\.m2\repository\org\thymeleaf\thymeleaf\3.0.11.RELEASE\thymeleaf-3.0.11.RELEASE.jar;C:\Users\wangz\.m2\repository\org\attoparser\attoparser\2.0.5.RELEASE\attoparser-2.0.5.RELEASE.jar;C:\Users\wangz\.m2\repository\org\unbescape\unbescape\1.1.6.RELEASE\unbescape-1.1.6.RELEASE.jar;C:\Users\wangz\.m2\repository\org\thymeleaf\extras\thymeleaf-extras-java8time\3.0.3.RELEASE\thymeleaf-extras-java8time-3.0.3.RELEASE.jar;C:\Users\wangz\.m2\repository\org\springframework\boot\spring-boot-starter-actuator\2.1.3.RELEASE\spring-boot-starter-actuator-2.1.3.RELEASE.jar;C:\Users\wangz\.m2\repository\org\springframework\boot\spring-boot-actuator-autoconfigure\2.1.3.RELEASE\spring-boot-actuator-autoconfigure-2.1.3.RELEASE.jar;C:\Users\wangz\.m2\repository\org\springframework\boot\spring-boot-actuator\2.1.3.RELEASE\spring-boot-actuator-2.1.3.RELEASE.jar;C:\Users\wangz\.m2\repository\io\micrometer\micrometer-core\1.1.3\micrometer-core-1.1.3.jar;C:\Users\wangz\.m2\repository\org\hdrhistogram\HdrHistogram\2.1.9\HdrHistogram-2.1.9.jar;C:\Users\wangz\.m2\repository\org\latencyutils\LatencyUtils\2.0.3\LatencyUtils-2.0.3.jar;C:\Users\wangz\.m2\repository\io\projectreactor\addons\reactor-extra\3.2.2.RELEASE\reactor-extra-3.2.2.RELEASE.jar;C:\Users\wangz\.m2\repository\com\google\code\findbugs\jsr305\3.0.2\jsr305-3.0.2.jar;C:\Users\wangz\.m2\repository\de\codecentric\spring-boot-admin-server-ui\2.1.3\spring-boot-admin-server-ui-2.1.3.jar;C:\Users\wangz\.m2\repository\de\codecentric\spring-boot-admin-server-cloud\2.1.3\spring-boot-admin-server-cloud-2.1.3.jar;C:\Users\wangz\.m2\repository\org\springframework\boot\spring-boot-starter-test\2.1.3.RELEASE\spring-boot-starter-test-2.1.3.RELEASE.jar;C:\Users\wangz\.m2\repository\org\springframework\boot\spring-boot-test\2.1.3.RELEASE\spring-boot-test-2.1.3.RELEASE.jar;C:\Users\wangz\.m2\repository\org\springframework\boot\spring-boot-test-autoconfigure\2.1.3.RELEASE\spring-boot-test-autoconfigure-2.1.3.RELEASE.jar;C:\Users\wangz\.m2\repository\com\jayway\jsonpath\json-path\2.4.0\json-path-2.4.0.jar;C:\Users\wangz\.m2\repository\net\minidev\json-smart\2.3\json-smart-2.3.jar;C:\Users\wangz\.m2\repository\net\minidev\accessors-smart\1.2\accessors-smart-1.2.jar;C:\Users\wangz\.m2\repository\org\ow2\asm\asm\5.0.4\asm-5.0.4.jar;C:\Users\wangz\.m2\repository\junit\junit\4.12\junit-4.12.jar;C:\Users\wangz\.m2\repository\org\assertj\assertj-core\3.11.1\assertj-core-3.11.1.jar;C:\Users\wangz\.m2\repository\org\mockito\mockito-core\2.23.4\mockito-core-2.23.4.jar;C:\Users\wangz\.m2\repository\net\bytebuddy\byte-buddy\1.9.10\byte-buddy-1.9.10.jar;C:\Users\wangz\.m2\repository\net\bytebuddy\byte-buddy-agent\1.9.10\byte-buddy-agent-1.9.10.jar;C:\Users\wangz\.m2\repository\org\objenesis\objenesis\2.6\objenesis-2.6.jar;C:\Users\wangz\.m2\repository\org\hamcrest\hamcrest-core\1.3\hamcrest-core-1.3.jar;C:\Users\wangz\.m2\repository\org\hamcrest\hamcrest-library\1.3\hamcrest-library-1.3.jar;C:\Users\wangz\.m2\repository\org\skyscreamer\jsonassert\1.5.0\jsonassert-1.5.0.jar;C:\Users\wangz\.m2\repository\com\vaadin\external\google\android-json\0.0.20131108.vaadin1\android-json-0.0.20131108.vaadin1.jar;C:\Users\wangz\.m2\repository\org\springframework\spring-core\5.1.5.RELEASE\spring-core-5.1.5.RELEASE.jar;C:\Users\wangz\.m2\repository\org\springframework\spring-jcl\5.1.5.RELEASE\spring-jcl-5.1.5.RELEASE.jar;C:\Users\wangz\.m2\repository\org\springframework\spring-test\5.1.5.RELEASE\spring-test-5.1.5.RELEASE.jar;C:\Users\wangz\.m2\repository\org\xmlunit\xmlunit-core\2.6.2\xmlunit-core-2.6.2.jar;C:\Users\wangz\.m2\repository\org\springframework\boot\spring-boot-starter-integration\2.1.3.RELEASE\spring-boot-starter-integration-2.1.3.RELEASE.jar;C:\Users\wangz\.m2\repository\org\springframework\boot\spring-boot-starter-aop\2.1.3.RELEASE\spring-boot-starter-aop-2.1.3.RELEASE.jar;C:\Users\wangz\.m2\repository\org\aspectj\aspectjweaver\1.9.2\aspectjweaver-1.9.2.jar;C:\Users\wangz\.m2\repository\org\springframework\integration\spring-integration-core\5.1.3.RELEASE\spring-integration-core-5.1.3.RELEASE.jar;C:\Users\wangz\.m2\repository\org\springframework\retry\spring-retry\1.2.4.RELEASE\spring-retry-1.2.4.RELEASE.jar;C:\Users\wangz\.m2\repository\org\springframework\integration\spring-integration-stream\5.1.3.RELEASE\spring-integration-stream-5.1.3.RELEASE.jar;C:\Users\wangz\.m2\repository\org\springframework\integration\spring-integration-mqtt\5.1.3.RELEASE\spring-integration-mqtt-5.1.3.RELEASE.jar;C:\Users\wangz\.m2\repository\org\eclipse\paho\org.eclipse.paho.client.mqttv3\1.2.0\org.eclipse.paho.client.mqttv3-1.2.0.jar;C:\Users\wangz\.m2\repository\org\apache\commons\commons-lang3\3.4\commons-lang3-3.4.jar;"/>
    <property name="sun.cpu.endian" value="little"/>
    <property name="user.home" value="C:\Users\wangz"/>
    <property name="user.language" value="zh"/>
    <property name="java.specification.vendor" value="Oracle Corporation"/>
    <property name="java.home" value="C:\Program Files\Java\jdk1.8.0_73\jre"/>
    <property name="basedir" value="C:\Users\wangz\IdeaProjects\Redis-MQTT_Demo"/>
    <property name="file.separator" value="\"/>
    <property name="line.separator" value="&#10;"/>
    <property name="java.vm.specification.vendor" value="Oracle Corporation"/>
    <property name="java.specification.name" value="Java Platform API Specification"/>
    <property name="java.awt.graphicsenv" value="sun.awt.Win32GraphicsEnvironment"/>
    <property name="surefire.real.class.path" value="C:\Users\wangz\AppData\Local\Temp\surefire1694783299164647571\surefirebooter170634841478598913.jar"/>
    <property name="sun.boot.class.path" value="C:\Program Files\Java\jdk1.8.0_73\jre\lib\resources.jar;C:\Program Files\Java\jdk1.8.0_73\jre\lib\rt.jar;C:\Program Files\Java\jdk1.8.0_73\jre\lib\sunrsasign.jar;C:\Program Files\Java\jdk1.8.0_73\jre\lib\jsse.jar;C:\Program Files\Java\jdk1.8.0_73\jre\lib\jce.jar;C:\Program Files\Java\jdk1.8.0_73\jre\lib\charsets.jar;C:\Program Files\Java\jdk1.8.0_73\jre\lib\jfr.jar;C:\Program Files\Java\jdk1.8.0_73\jre\classes"/>
    <property name="user.script" value=""/>
    <property name="sun.management.compiler" value="HotSpot 64-Bit Tiered Compilers"/>
    <property name="java.runtime.version" value="1.8.0_73-b02"/>
    <property name="user.name" value="wangz"/>
    <property name="path.separator" value=";"/>
    <property name="os.version" value="10.0"/>
    <property name="java.endorsed.dirs" value="C:\Program Files\Java\jdk1.8.0_73\jre\lib\endorsed"/>
    <property name="java.runtime.name" value="Java(TM) SE Runtime Environment"/>
    <property name="file.encoding" value="GBK"/>
    <property name="java.vm.name" value="Java HotSpot(TM) 64-Bit Server VM"/>
    <property name="localRepository" value="C:\Users\wangz\.m2\repository"/>
    <property name="java.vendor.url.bug" value="http://bugreport.sun.com/bugreport/"/>
    <property name="java.io.tmpdir" value="C:\Users\wangz\AppData\Local\Temp\"/>
    <property name="idea.version" value="2018.3.5"/>
    <property name="java.version" value="1.8.0_73"/>
    <property name="user.dir" value="C:\Users\wangz\IdeaProjects\Redis-MQTT_Demo"/>
    <property name="os.arch" value="amd64"/>
    <property name="java.vm.specification.name" value="Java Virtual Machine Specification"/>
    <property name="java.awt.printerjob" value="sun.awt.windows.WPrinterJob"/>
    <property name="sun.os.patch.level" value=""/>
    <property name="java.library.path" value="C:\Program Files\Java\jdk1.8.0_73\jre\bin;C:\WINDOWS\Sun\Java\bin;C:\WINDOWS\system32;C:\WINDOWS;C:\Program Files (x86)\Common Files\Oracle\Java\javapath;C:\Program Files\Haskell\bin;D:\Haskell Platform\8.0.1\lib\extralibs\bin;D:\Haskell Platform\8.0.1\bin;C:\ProgramData\Oracle\Java\javapath;C:\Program Files (x86)\Intel\iCLS Client\;C:\Program Files\Intel\iCLS Client\;C:\Windows\system32;C:\Windows;C:\Windows\System32\Wbem;C:\Windows\System32\WindowsPowerShell\v1.0\;C:\Program Files (x86)\Intel\Intel(R) Management Engine Components\DAL;C:\Program Files\Intel\Intel(R) Management Engine Components\DAL;C:\Program Files (x86)\Intel\Intel(R) Management Engine Components\IPT;C:\Program Files\Intel\Intel(R) Management Engine Components\IPT;C:\Program Files (x86)\NVIDIA Corporation\PhysX\Common;C:\WINDOWS\system32\config\systemprofile\.dnx\bin;C:\Program Files\Microsoft DNX\Dnvm\;C:\Program Files\Microsoft SQL Server\130\Tools\Binn\;D:\MATLAB\R2016a\bin;C:\Program Files (x86)\PharosSystems\Core;C:\WINDOWS\system32;C:\WINDOWS;C:\WINDOWS\System32\Wbem;C:\WINDOWS\System32\WindowsPowerShell\v1.0\;C:\ProgramFiles\Java\jdk1.8.0_73\bin;D:\Haskell Platform\8.0.1\mingw\bin;C:\Program Files (x86)\Windows Kits\8.1\Windows Performance Toolkit\;C:\Program Files (x86)\opencv\build\x64\vc14\bin;F:\Robotics\Robo2017\Robo2017\Robo2017\Libs;C:\Program Files (x86)\Microsoft SQL Server\110\Tools\Binn\;C:\Program Files\Microsoft SQL Server\110\Tools\Binn\;C:\Program Files\Microsoft SQL Server\110\DTS\Binn\;C:\Program Files (x86)\Microsoft SQL Server\Client SDK\ODBC\130\Tools\Binn\;C:\Program Files (x86)\Microsoft SQL Server\140\Tools\Binn\;C:\Program Files (x86)\Microsoft SQL Server\140\DTS\Binn\;C:\Program Files (x86)\Microsoft SQL Server\140\Tools\Binn\ManagementStudio\;C:\WINDOWS\System32\OpenSSH\;C:\Program Files\PuTTY\;C:\PROGRA~2\Groovy\Groovy-2.5.2\bin;C:\Program Files\Git\cmd;C:\Program Files\nodejs\;C:\Users\wangz\AppData\Roaming\cabal\bin;D:\haskell\bin;C:\Users\wangz\AppData\Local\Microsoft\WindowsApps;C:\venders\mysql-8.0.12-winx64\bin;C:\Users\wangz\AppData\Local\GitHubDesktop\bin;F:\Learn\Downloads\apache-groovy-sdk-2.5.2\groovy-2.5.2\bin;;D:\Program Files (x86)\Microsoft VS Code\bin;C:\Users\wangz\AppData\Roaming\npm;."/>
    <property name="java.vm.info" value="mixed mode"/>
    <property name="java.vendor" value="Oracle Corporation"/>
    <property name="java.vm.version" value="25.73-b02"/>
    <property name="java.ext.dirs" value="C:\Program Files\Java\jdk1.8.0_73\jre\lib\ext;C:\WINDOWS\Sun\Java\lib\ext"/>
    <property name="sun.io.unicode.encoding" value="UnicodeLittle"/>
    <property name="java.class.version" value="52.0"/>
  </properties>
  <testcase name="contextLoads" classname="com.example.demo.DemoApplicationTests" time="0.007">
    <error message="Failed to load ApplicationContext" type="java.lang.IllegalStateException">java.lang.IllegalStateException: Failed to load ApplicationContext
Caused by: org.springframework.beans.factory.BeanCreationException: Error creating bean with name 'mqttSenderConfig': Injection of autowired dependencies failed; nested exception is java.lang.IllegalArgumentException: Could not resolve placeholder 'spring.mqtt.username' in value "${spring.mqtt.username}"
Caused by: java.lang.IllegalArgumentException: Could not resolve placeholder 'spring.mqtt.username' in value "${spring.mqtt.username}"
</error>
    <system-out><![CDATA[12:35:59.857 [main] DEBUG org.springframework.test.context.junit4.SpringJUnit4ClassRunner - SpringJUnit4ClassRunner constructor called with [class com.example.demo.DemoApplicationTests]
12:35:59.863 [main] DEBUG org.springframework.test.context.BootstrapUtils - Instantiating CacheAwareContextLoaderDelegate from class [org.springframework.test.context.cache.DefaultCacheAwareContextLoaderDelegate]
12:35:59.876 [main] DEBUG org.springframework.test.context.BootstrapUtils - Instantiating BootstrapContext using constructor [public org.springframework.test.context.support.DefaultBootstrapContext(java.lang.Class,org.springframework.test.context.CacheAwareContextLoaderDelegate)]
12:35:59.904 [main] DEBUG org.springframework.test.context.BootstrapUtils - Instantiating TestContextBootstrapper for test class [com.example.demo.DemoApplicationTests] from class [org.springframework.boot.test.context.SpringBootTestContextBootstrapper]
12:35:59.924 [main] INFO org.springframework.boot.test.context.SpringBootTestContextBootstrapper - Neither @ContextConfiguration nor @ContextHierarchy found for test class [com.example.demo.DemoApplicationTests], using SpringBootContextLoader
12:35:59.929 [main] DEBUG org.springframework.test.context.support.AbstractContextLoader - Did not detect default resource location for test class [com.example.demo.DemoApplicationTests]: class path resource [com/example/demo/DemoApplicationTests-context.xml] does not exist
12:35:59.929 [main] DEBUG org.springframework.test.context.support.AbstractContextLoader - Did not detect default resource location for test class [com.example.demo.DemoApplicationTests]: class path resource [com/example/demo/DemoApplicationTestsContext.groovy] does not exist
12:35:59.930 [main] INFO org.springframework.test.context.support.AbstractContextLoader - Could not detect default resource locations for test class [com.example.demo.DemoApplicationTests]: no resource found for suffixes {-context.xml, Context.groovy}.
12:35:59.931 [main] INFO org.springframework.test.context.support.AnnotationConfigContextLoaderUtils - Could not detect default configuration classes for test class [com.example.demo.DemoApplicationTests]: DemoApplicationTests does not declare any static, non-private, non-final, nested classes annotated with @Configuration.
12:35:59.995 [main] DEBUG org.springframework.test.context.support.ActiveProfilesUtils - Could not find an 'annotation declaring class' for annotation type [org.springframework.test.context.ActiveProfiles] and class [com.example.demo.DemoApplicationTests]
12:36:00.103 [main] DEBUG org.springframework.context.annotation.ClassPathScanningCandidateComponentProvider - Identified candidate component class: file [C:\Users\wangz\IdeaProjects\Redis-MQTT_Demo\target\classes\com\example\demo\DemoApplication.class]
12:36:00.107 [main] INFO org.springframework.boot.test.context.SpringBootTestContextBootstrapper - Found @SpringBootConfiguration com.example.demo.DemoApplication for test class com.example.demo.DemoApplicationTests
12:36:00.260 [main] DEBUG org.springframework.boot.test.context.SpringBootTestContextBootstrapper - @TestExecutionListeners is not present for class [com.example.demo.DemoApplicationTests]: using defaults.
12:36:00.261 [main] INFO org.springframework.boot.test.context.SpringBootTestContextBootstrapper - Loaded default TestExecutionListener class names from location [META-INF/spring.factories]: [org.springframework.boot.test.mock.mockito.MockitoTestExecutionListener, org.springframework.boot.test.mock.mockito.ResetMocksTestExecutionListener, org.springframework.boot.test.autoconfigure.restdocs.RestDocsTestExecutionListener, org.springframework.boot.test.autoconfigure.web.client.MockRestServiceServerResetTestExecutionListener, org.springframework.boot.test.autoconfigure.web.servlet.MockMvcPrintOnlyOnFailureTestExecutionListener, org.springframework.boot.test.autoconfigure.web.servlet.WebDriverTestExecutionListener, org.springframework.test.context.web.ServletTestExecutionListener, org.springframework.test.context.support.DirtiesContextBeforeModesTestExecutionListener, org.springframework.test.context.support.DependencyInjectionTestExecutionListener, org.springframework.test.context.support.DirtiesContextTestExecutionListener, org.springframework.test.context.transaction.TransactionalTestExecutionListener, org.springframework.test.context.jdbc.SqlScriptsTestExecutionListener]
12:36:00.280 [main] DEBUG org.springframework.boot.test.context.SpringBootTestContextBootstrapper - Skipping candidate TestExecutionListener [org.springframework.test.context.web.ServletTestExecutionListener] due to a missing dependency. Specify custom listener classes or make the default listener classes and their required dependencies available. Offending class: [javax/servlet/ServletContext]
12:36:00.295 [main] INFO org.springframework.boot.test.context.SpringBootTestContextBootstrapper - Using TestExecutionListeners: [org.springframework.test.context.support.DirtiesContextBeforeModesTestExecutionListener@2b71e916, org.springframework.boot.test.mock.mockito.MockitoTestExecutionListener@36fc695d, org.springframework.boot.test.autoconfigure.SpringBootDependencyInjectionTestExecutionListener@28701274, org.springframework.test.context.support.DirtiesContextTestExecutionListener@13c9d689, org.springframework.test.context.transaction.TransactionalTestExecutionListener@3754a4bf, org.springframework.test.context.jdbc.SqlScriptsTestExecutionListener@62379589, org.springframework.boot.test.mock.mockito.ResetMocksTestExecutionListener@4afcd809, org.springframework.boot.test.autoconfigure.restdocs.RestDocsTestExecutionListener@175c2241, org.springframework.boot.test.autoconfigure.web.client.MockRestServiceServerResetTestExecutionListener@5bf0d49, org.springframework.boot.test.autoconfigure.web.servlet.MockMvcPrintOnlyOnFailureTestExecutionListener@5b7a5baa, org.springframework.boot.test.autoconfigure.web.servlet.WebDriverTestExecutionListener@776aec5c]
12:36:00.299 [main] DEBUG org.springframework.test.annotation.ProfileValueUtils - Retrieved @ProfileValueSourceConfiguration [null] for test class [com.example.demo.DemoApplicationTests]
12:36:00.300 [main] DEBUG org.springframework.test.annotation.ProfileValueUtils - Retrieved ProfileValueSource type [class org.springframework.test.annotation.SystemProfileValueSource] for class [com.example.demo.DemoApplicationTests]
12:36:00.302 [main] DEBUG org.springframework.test.annotation.ProfileValueUtils - Retrieved @ProfileValueSourceConfiguration [null] for test class [com.example.demo.DemoApplicationTests]
12:36:00.302 [main] DEBUG org.springframework.test.annotation.ProfileValueUtils - Retrieved ProfileValueSource type [class org.springframework.test.annotation.SystemProfileValueSource] for class [com.example.demo.DemoApplicationTests]
12:36:00.303 [main] DEBUG org.springframework.test.annotation.ProfileValueUtils - Retrieved @ProfileValueSourceConfiguration [null] for test class [com.example.demo.DemoApplicationTests]
12:36:00.303 [main] DEBUG org.springframework.test.annotation.ProfileValueUtils - Retrieved ProfileValueSource type [class org.springframework.test.annotation.SystemProfileValueSource] for class [com.example.demo.DemoApplicationTests]
12:36:00.311 [main] DEBUG org.springframework.test.context.support.AbstractDirtiesContextTestExecutionListener - Before test class: context [DefaultTestContext@dd05255 testClass = DemoApplicationTests, testInstance = [null], testMethod = [null], testException = [null], mergedContextConfiguration = [ReactiveWebMergedContextConfiguration@6a78afa0 testClass = DemoApplicationTests, locations = '{}', classes = '{class com.example.demo.DemoApplication}', contextInitializerClasses = '[]', activeProfiles = '{}', propertySourceLocations = '{}', propertySourceProperties = '{org.springframework.boot.test.context.SpringBootTestContextBootstrapper=true}', contextCustomizers = set[org.springframework.boot.test.context.filter.ExcludeFilterContextCustomizer@16f7c8c1, org.springframework.boot.test.json.DuplicateJsonObjectContextCustomizerFactory$DuplicateJsonObjectContextCustomizer@fcd6521, org.springframework.boot.test.mock.mockito.MockitoContextCustomizer@0, org.springframework.boot.test.web.client.TestRestTemplateContextCustomizer@7e9a5fbe, org.springframework.boot.test.web.reactive.server.WebTestClientContextCustomizer@7ba18f1b, org.springframework.boot.test.autoconfigure.properties.PropertyMappingContextCustomizer@0, org.springframework.boot.test.autoconfigure.web.servlet.WebDriverContextCustomizerFactory$Customizer@4f51b3e0], contextLoader = 'org.springframework.boot.test.context.SpringBootContextLoader', parent = [null]], attributes = map[[empty]]], class annotated with @DirtiesContext [false] with mode [null].
12:36:00.312 [main] DEBUG org.springframework.test.annotation.ProfileValueUtils - Retrieved @ProfileValueSourceConfiguration [null] for test class [com.example.demo.DemoApplicationTests]
12:36:00.313 [main] DEBUG org.springframework.test.annotation.ProfileValueUtils - Retrieved ProfileValueSource type [class org.springframework.test.annotation.SystemProfileValueSource] for class [com.example.demo.DemoApplicationTests]
12:36:00.321 [main] DEBUG org.springframework.test.context.support.DependencyInjectionTestExecutionListener - Performing dependency injection for test context [[DefaultTestContext@dd05255 testClass = DemoApplicationTests, testInstance = com.example.demo.DemoApplicationTests@9d5509a, testMethod = [null], testException = [null], mergedContextConfiguration = [ReactiveWebMergedContextConfiguration@6a78afa0 testClass = DemoApplicationTests, locations = '{}', classes = '{class com.example.demo.DemoApplication}', contextInitializerClasses = '[]', activeProfiles = '{}', propertySourceLocations = '{}', propertySourceProperties = '{org.springframework.boot.test.context.SpringBootTestContextBootstrapper=true}', contextCustomizers = set[org.springframework.boot.test.context.filter.ExcludeFilterContextCustomizer@16f7c8c1, org.springframework.boot.test.json.DuplicateJsonObjectContextCustomizerFactory$DuplicateJsonObjectContextCustomizer@fcd6521, org.springframework.boot.test.mock.mockito.MockitoContextCustomizer@0, org.springframework.boot.test.web.client.TestRestTemplateContextCustomizer@7e9a5fbe, org.springframework.boot.test.web.reactive.server.WebTestClientContextCustomizer@7ba18f1b, org.springframework.boot.test.autoconfigure.properties.PropertyMappingContextCustomizer@0, org.springframework.boot.test.autoconfigure.web.servlet.WebDriverContextCustomizerFactory$Customizer@4f51b3e0], contextLoader = 'org.springframework.boot.test.context.SpringBootContextLoader', parent = [null]], attributes = map[[empty]]]].
12:36:00.361 [main] DEBUG org.springframework.test.context.support.TestPropertySourceUtils - Adding inlined properties to environment: {spring.jmx.enabled=false, org.springframework.boot.test.context.SpringBootTestContextBootstrapper=true, server.port=-1}

  .   ____          _            __ _ _
 /\\ / ___'_ __ _ _(_)_ __  __ _ \ \ \ \
( ( )\___ | '_ | '_| | '_ \/ _` | \ \ \ \
 \\/  ___)| |_)| | | | | || (_| |  ) ) ) )
  '  |____| .__|_| |_|_| |_\__, | / / / /
 =========|_|==============|___/=/_/_/_/
 :: Spring Boot ::        (v2.1.3.RELEASE)

2019-03-09 12:36:00.707  INFO 20260 --- [           main] com.example.demo.DemoApplicationTests    : Starting DemoApplicationTests on DESKTOP-KQA43H3 with PID 20260 (started by wangz in C:\Users\wangz\IdeaProjects\Redis-MQTT_Demo)
2019-03-09 12:36:00.708  INFO 20260 --- [           main] com.example.demo.DemoApplicationTests    : No active profile set, falling back to default profiles: default
2019-03-09 12:36:01.987  INFO 20260 --- [           main] .s.d.r.c.RepositoryConfigurationDelegate : Multiple Spring Data modules found, entering strict repository configuration mode!
2019-03-09 12:36:01.990  INFO 20260 --- [           main] .s.d.r.c.RepositoryConfigurationDelegate : Bootstrapping Spring Data repositories in DEFAULT mode.
2019-03-09 12:36:02.034  INFO 20260 --- [           main] .s.d.r.c.RepositoryConfigurationDelegate : Finished Spring Data repository scanning in 27ms. Found 0 repository interfaces.
2019-03-09 12:36:02.522  INFO 20260 --- [           main] faultConfiguringBeanFactoryPostProcessor : No bean named 'errorChannel' has been explicitly defined. Therefore, a default PublishSubscribeChannel will be created.
2019-03-09 12:36:02.534  INFO 20260 --- [           main] faultConfiguringBeanFactoryPostProcessor : No bean named 'taskScheduler' has been explicitly defined. Therefore, a default ThreadPoolTaskScheduler will be created.
2019-03-09 12:36:02.546  INFO 20260 --- [           main] faultConfiguringBeanFactoryPostProcessor : No bean named 'integrationHeaderChannelRegistry' has been explicitly defined. Therefore, a default DefaultHeaderChannelRegistry will be created.
2019-03-09 12:36:02.949  INFO 20260 --- [           main] trationDelegate$BeanPostProcessorChecker : Bean 'org.springframework.amqp.rabbit.annotation.RabbitBootstrapConfiguration' of type [org.springframework.amqp.rabbit.annotation.RabbitBootstrapConfiguration$$EnhancerBySpringCGLIB$$f325d231] is not eligible for getting processed by all BeanPostProcessors (for example: not eligible for auto-proxying)
2019-03-09 12:36:03.093  INFO 20260 --- [           main] trationDelegate$BeanPostProcessorChecker : Bean 'org.springframework.integration.config.IntegrationManagementConfiguration' of type [org.springframework.integration.config.IntegrationManagementConfiguration$$EnhancerBySpringCGLIB$$97abcf32] is not eligible for getting processed by all BeanPostProcessors (for example: not eligible for auto-proxying)
2019-03-09 12:36:03.135  INFO 20260 --- [           main] trationDelegate$BeanPostProcessorChecker : Bean 'integrationDisposableAutoCreatedBeans' of type [org.springframework.integration.config.annotation.Disposables] is not eligible for getting processed by all BeanPostProcessors (for example: not eligible for auto-proxying)
2019-03-09 12:36:03.261  WARN 20260 --- [           main] r.c.GenericReactiveWebApplicationContext : Exception encountered during context initialization - cancelling refresh attempt: org.springframework.beans.factory.BeanCreationException: Error creating bean with name 'mqttSenderConfig': Injection of autowired dependencies failed; nested exception is java.lang.IllegalArgumentException: Could not resolve placeholder 'spring.mqtt.username' in value "${spring.mqtt.username}"
2019-03-09 12:36:03.282  INFO 20260 --- [           main] ConditionEvaluationReportLoggingListener : 

Error starting ApplicationContext. To display the conditions report re-run your application with 'debug' enabled.
2019-03-09 12:36:03.292 ERROR 20260 --- [           main] o.s.boot.SpringApplication               : Application run failed

org.springframework.beans.factory.BeanCreationException: Error creating bean with name 'mqttSenderConfig': Injection of autowired dependencies failed; nested exception is java.lang.IllegalArgumentException: Could not resolve placeholder 'spring.mqtt.username' in value "${spring.mqtt.username}"
	at org.springframework.beans.factory.annotation.AutowiredAnnotationBeanPostProcessor.postProcessProperties(AutowiredAnnotationBeanPostProcessor.java:380) ~[spring-beans-5.1.5.RELEASE.jar:5.1.5.RELEASE]
	at org.springframework.beans.factory.support.AbstractAutowireCapableBeanFactory.populateBean(AbstractAutowireCapableBeanFactory.java:1395) ~[spring-beans-5.1.5.RELEASE.jar:5.1.5.RELEASE]
	at org.springframework.beans.factory.support.AbstractAutowireCapableBeanFactory.doCreateBean(AbstractAutowireCapableBeanFactory.java:592) ~[spring-beans-5.1.5.RELEASE.jar:5.1.5.RELEASE]
	at org.springframework.beans.factory.support.AbstractAutowireCapableBeanFactory.createBean(AbstractAutowireCapableBeanFactory.java:515) ~[spring-beans-5.1.5.RELEASE.jar:5.1.5.RELEASE]
	at org.springframework.beans.factory.support.AbstractBeanFactory.lambda$doGetBean$0(AbstractBeanFactory.java:320) ~[spring-beans-5.1.5.RELEASE.jar:5.1.5.RELEASE]
	at org.springframework.beans.factory.support.DefaultSingletonBeanRegistry.getSingleton(DefaultSingletonBeanRegistry.java:222) ~[spring-beans-5.1.5.RELEASE.jar:5.1.5.RELEASE]
	at org.springframework.beans.factory.support.AbstractBeanFactory.doGetBean(AbstractBeanFactory.java:318) ~[spring-beans-5.1.5.RELEASE.jar:5.1.5.RELEASE]
	at org.springframework.beans.factory.support.AbstractBeanFactory.getBean(AbstractBeanFactory.java:199) ~[spring-beans-5.1.5.RELEASE.jar:5.1.5.RELEASE]
	at org.springframework.beans.factory.support.DefaultListableBeanFactory.preInstantiateSingletons(DefaultListableBeanFactory.java:849) ~[spring-beans-5.1.5.RELEASE.jar:5.1.5.RELEASE]
	at org.springframework.context.support.AbstractApplicationContext.finishBeanFactoryInitialization(AbstractApplicationContext.java:877) ~[spring-context-5.1.5.RELEASE.jar:5.1.5.RELEASE]
	at org.springframework.context.support.AbstractApplicationContext.refresh(AbstractApplicationContext.java:549) ~[spring-context-5.1.5.RELEASE.jar:5.1.5.RELEASE]
	at org.springframework.boot.SpringApplication.refresh(SpringApplication.java:775) ~[spring-boot-2.1.3.RELEASE.jar:2.1.3.RELEASE]
	at org.springframework.boot.SpringApplication.refreshContext(SpringApplication.java:397) ~[spring-boot-2.1.3.RELEASE.jar:2.1.3.RELEASE]
	at org.springframework.boot.SpringApplication.run(SpringApplication.java:316) ~[spring-boot-2.1.3.RELEASE.jar:2.1.3.RELEASE]
	at org.springframework.boot.test.context.SpringBootContextLoader.loadContext(SpringBootContextLoader.java:127) [spring-boot-test-2.1.3.RELEASE.jar:2.1.3.RELEASE]
	at org.springframework.test.context.cache.DefaultCacheAwareContextLoaderDelegate.loadContextInternal(DefaultCacheAwareContextLoaderDelegate.java:99) [spring-test-5.1.5.RELEASE.jar:5.1.5.RELEASE]
	at org.springframework.test.context.cache.DefaultCacheAwareContextLoaderDelegate.loadContext(DefaultCacheAwareContextLoaderDelegate.java:117) [spring-test-5.1.5.RELEASE.jar:5.1.5.RELEASE]
	at org.springframework.test.context.support.DefaultTestContext.getApplicationContext(DefaultTestContext.java:108) [spring-test-5.1.5.RELEASE.jar:5.1.5.RELEASE]
	at org.springframework.test.context.support.DependencyInjectionTestExecutionListener.injectDependencies(DependencyInjectionTestExecutionListener.java:118) [spring-test-5.1.5.RELEASE.jar:5.1.5.RELEASE]
	at org.springframework.test.context.support.DependencyInjectionTestExecutionListener.prepareTestInstance(DependencyInjectionTestExecutionListener.java:83) [spring-test-5.1.5.RELEASE.jar:5.1.5.RELEASE]
	at org.springframework.boot.test.autoconfigure.SpringBootDependencyInjectionTestExecutionListener.prepareTestInstance(SpringBootDependencyInjectionTestExecutionListener.java:44) [spring-boot-test-autoconfigure-2.1.3.RELEASE.jar:2.1.3.RELEASE]
	at org.springframework.test.context.TestContextManager.prepareTestInstance(TestContextManager.java:246) [spring-test-5.1.5.RELEASE.jar:5.1.5.RELEASE]
	at org.springframework.test.context.junit4.SpringJUnit4ClassRunner.createTest(SpringJUnit4ClassRunner.java:227) [spring-test-5.1.5.RELEASE.jar:5.1.5.RELEASE]
	at org.springframework.test.context.junit4.SpringJUnit4ClassRunner$1.runReflectiveCall(SpringJUnit4ClassRunner.java:289) [spring-test-5.1.5.RELEASE.jar:5.1.5.RELEASE]
	at org.junit.internal.runners.model.ReflectiveCallable.run(ReflectiveCallable.java:12) [junit-4.12.jar:4.12]
	at org.springframework.test.context.junit4.SpringJUnit4ClassRunner.methodBlock(SpringJUnit4ClassRunner.java:291) [spring-test-5.1.5.RELEASE.jar:5.1.5.RELEASE]
	at org.springframework.test.context.junit4.SpringJUnit4ClassRunner.runChild(SpringJUnit4ClassRunner.java:246) [spring-test-5.1.5.RELEASE.jar:5.1.5.RELEASE]
	at org.springframework.test.context.junit4.SpringJUnit4ClassRunner.runChild(SpringJUnit4ClassRunner.java:97) [spring-test-5.1.5.RELEASE.jar:5.1.5.RELEASE]
	at org.junit.runners.ParentRunner$3.run(ParentRunner.java:290) [junit-4.12.jar:4.12]
	at org.junit.runners.ParentRunner$1.schedule(ParentRunner.java:71) [junit-4.12.jar:4.12]
	at org.junit.runners.ParentRunner.runChildren(ParentRunner.java:288) [junit-4.12.jar:4.12]
	at org.junit.runners.ParentRunner.access$000(ParentRunner.java:58) [junit-4.12.jar:4.12]
	at org.junit.runners.ParentRunner$2.evaluate(ParentRunner.java:268) [junit-4.12.jar:4.12]
	at org.springframework.test.context.junit4.statements.RunBeforeTestClassCallbacks.evaluate(RunBeforeTestClassCallbacks.java:61) [spring-test-5.1.5.RELEASE.jar:5.1.5.RELEASE]
	at org.springframework.test.context.junit4.statements.RunAfterTestClassCallbacks.evaluate(RunAfterTestClassCallbacks.java:70) [spring-test-5.1.5.RELEASE.jar:5.1.5.RELEASE]
	at org.junit.runners.ParentRunner.run(ParentRunner.java:363) [junit-4.12.jar:4.12]
	at org.springframework.test.context.junit4.SpringJUnit4ClassRunner.run(SpringJUnit4ClassRunner.java:190) [spring-test-5.1.5.RELEASE.jar:5.1.5.RELEASE]
	at org.apache.maven.surefire.junit4.JUnit4Provider.execute(JUnit4Provider.java:365) [surefire-junit4-2.22.1.jar:2.22.1]
	at org.apache.maven.surefire.junit4.JUnit4Provider.executeWithRerun(JUnit4Provider.java:273) [surefire-junit4-2.22.1.jar:2.22.1]
	at org.apache.maven.surefire.junit4.JUnit4Provider.executeTestSet(JUnit4Provider.java:238) [surefire-junit4-2.22.1.jar:2.22.1]
	at org.apache.maven.surefire.junit4.JUnit4Provider.invoke(JUnit4Provider.java:159) [surefire-junit4-2.22.1.jar:2.22.1]
	at org.apache.maven.surefire.booter.ForkedBooter.invokeProviderInSameClassLoader(ForkedBooter.java:384) [surefire-booter-2.22.1.jar:2.22.1]
	at org.apache.maven.surefire.booter.ForkedBooter.runSuitesInProcess(ForkedBooter.java:345) [surefire-booter-2.22.1.jar:2.22.1]
	at org.apache.maven.surefire.booter.ForkedBooter.execute(ForkedBooter.java:126) [surefire-booter-2.22.1.jar:2.22.1]
	at org.apache.maven.surefire.booter.ForkedBooter.main(ForkedBooter.java:418) [surefire-booter-2.22.1.jar:2.22.1]
Caused by: java.lang.IllegalArgumentException: Could not resolve placeholder 'spring.mqtt.username' in value "${spring.mqtt.username}"
	at org.springframework.util.PropertyPlaceholderHelper.parseStringValue(PropertyPlaceholderHelper.java:172) ~[spring-core-5.1.5.RELEASE.jar:5.1.5.RELEASE]
	at org.springframework.util.PropertyPlaceholderHelper.replacePlaceholders(PropertyPlaceholderHelper.java:124) ~[spring-core-5.1.5.RELEASE.jar:5.1.5.RELEASE]
	at org.springframework.core.env.AbstractPropertyResolver.doResolvePlaceholders(AbstractPropertyResolver.java:237) ~[spring-core-5.1.5.RELEASE.jar:5.1.5.RELEASE]
	at org.springframework.core.env.AbstractPropertyResolver.resolveRequiredPlaceholders(AbstractPropertyResolver.java:211) ~[spring-core-5.1.5.RELEASE.jar:5.1.5.RELEASE]
	at org.springframework.context.support.PropertySourcesPlaceholderConfigurer.lambda$processProperties$0(PropertySourcesPlaceholderConfigurer.java:175) ~[spring-context-5.1.5.RELEASE.jar:5.1.5.RELEASE]
	at org.springframework.beans.factory.support.AbstractBeanFactory.resolveEmbeddedValue(AbstractBeanFactory.java:851) ~[spring-beans-5.1.5.RELEASE.jar:5.1.5.RELEASE]
	at org.springframework.beans.factory.support.DefaultListableBeanFactory.doResolveDependency(DefaultListableBeanFactory.java:1188) ~[spring-beans-5.1.5.RELEASE.jar:5.1.5.RELEASE]
	at org.springframework.beans.factory.support.DefaultListableBeanFactory.resolveDependency(DefaultListableBeanFactory.java:1167) ~[spring-beans-5.1.5.RELEASE.jar:5.1.5.RELEASE]
	at org.springframework.beans.factory.annotation.AutowiredAnnotationBeanPostProcessor$AutowiredFieldElement.inject(AutowiredAnnotationBeanPostProcessor.java:593) ~[spring-beans-5.1.5.RELEASE.jar:5.1.5.RELEASE]
	at org.springframework.beans.factory.annotation.InjectionMetadata.inject(InjectionMetadata.java:90) ~[spring-beans-5.1.5.RELEASE.jar:5.1.5.RELEASE]
	at org.springframework.beans.factory.annotation.AutowiredAnnotationBeanPostProcessor.postProcessProperties(AutowiredAnnotationBeanPostProcessor.java:374) ~[spring-beans-5.1.5.RELEASE.jar:5.1.5.RELEASE]
	... 44 common frames omitted


  .   ____          _            __ _ _
 /\\ / ___'_ __ _ _(_)_ __  __ _ \ \ \ \
( ( )\___ | '_ | '_| | '_ \/ _` | \ \ \ \
 \\/  ___)| |_)| | | | | || (_| |  ) ) ) )
  '  |____| .__|_| |_|_| |_\__, | / / / /
 =========|_|==============|___/=/_/_/_/
 :: Spring Boot ::        (v2.1.3.RELEASE)

2019-03-09 12:36:03.348  INFO 20260 --- [           main] com.example.demo.DemoApplicationTests    : Starting DemoApplicationTests on DESKTOP-KQA43H3 with PID 20260 (started by wangz in C:\Users\wangz\IdeaProjects\Redis-MQTT_Demo)
2019-03-09 12:36:03.348  INFO 20260 --- [           main] com.example.demo.DemoApplicationTests    : No active profile set, falling back to default profiles: default
2019-03-09 12:36:03.762  INFO 20260 --- [           main] .s.d.r.c.RepositoryConfigurationDelegate : Multiple Spring Data modules found, entering strict repository configuration mode!
2019-03-09 12:36:03.763  INFO 20260 --- [           main] .s.d.r.c.RepositoryConfigurationDelegate : Bootstrapping Spring Data repositories in DEFAULT mode.
2019-03-09 12:36:03.772  INFO 20260 --- [           main] .s.d.r.c.RepositoryConfigurationDelegate : Finished Spring Data repository scanning in 9ms. Found 0 repository interfaces.
2019-03-09 12:36:03.808  INFO 20260 --- [           main] faultConfiguringBeanFactoryPostProcessor : No bean named 'errorChannel' has been explicitly defined. Therefore, a default PublishSubscribeChannel will be created.
2019-03-09 12:36:03.808  INFO 20260 --- [           main] faultConfiguringBeanFactoryPostProcessor : No bean named 'taskScheduler' has been explicitly defined. Therefore, a default ThreadPoolTaskScheduler will be created.
2019-03-09 12:36:03.810  INFO 20260 --- [           main] faultConfiguringBeanFactoryPostProcessor : No bean named 'integrationHeaderChannelRegistry' has been explicitly defined. Therefore, a default DefaultHeaderChannelRegistry will be created.
2019-03-09 12:36:03.836  INFO 20260 --- [           main] trationDelegate$BeanPostProcessorChecker : Bean 'org.springframework.amqp.rabbit.annotation.RabbitBootstrapConfiguration' of type [org.springframework.amqp.rabbit.annotation.RabbitBootstrapConfiguration$$EnhancerBySpringCGLIB$$f325d231] is not eligible for getting processed by all BeanPostProcessors (for example: not eligible for auto-proxying)
2019-03-09 12:36:03.904  INFO 20260 --- [           main] trationDelegate$BeanPostProcessorChecker : Bean 'org.springframework.integration.config.IntegrationManagementConfiguration' of type [org.springframework.integration.config.IntegrationManagementConfiguration$$EnhancerBySpringCGLIB$$97abcf32] is not eligible for getting processed by all BeanPostProcessors (for example: not eligible for auto-proxying)
2019-03-09 12:36:03.925  INFO 20260 --- [           main] trationDelegate$BeanPostProcessorChecker : Bean 'integrationDisposableAutoCreatedBeans' of type [org.springframework.integration.config.annotation.Disposables] is not eligible for getting processed by all BeanPostProcessors (for example: not eligible for auto-proxying)
2019-03-09 12:36:03.971  WARN 20260 --- [           main] r.c.GenericReactiveWebApplicationContext : Exception encountered during context initialization - cancelling refresh attempt: org.springframework.beans.factory.BeanCreationException: Error creating bean with name 'mqttSenderConfig': Injection of autowired dependencies failed; nested exception is java.lang.IllegalArgumentException: Could not resolve placeholder 'spring.mqtt.username' in value "${spring.mqtt.username}"
2019-03-09 12:36:03.979  INFO 20260 --- [           main] ConditionEvaluationReportLoggingListener : 

Error starting ApplicationContext. To display the conditions report re-run your application with 'debug' enabled.
2019-03-09 12:36:03.981 ERROR 20260 --- [           main] o.s.boot.SpringApplication               : Application run failed

org.springframework.beans.factory.BeanCreationException: Error creating bean with name 'mqttSenderConfig': Injection of autowired dependencies failed; nested exception is java.lang.IllegalArgumentException: Could not resolve placeholder 'spring.mqtt.username' in value "${spring.mqtt.username}"
	at org.springframework.beans.factory.annotation.AutowiredAnnotationBeanPostProcessor.postProcessProperties(AutowiredAnnotationBeanPostProcessor.java:380) ~[spring-beans-5.1.5.RELEASE.jar:5.1.5.RELEASE]
	at org.springframework.beans.factory.support.AbstractAutowireCapableBeanFactory.populateBean(AbstractAutowireCapableBeanFactory.java:1395) ~[spring-beans-5.1.5.RELEASE.jar:5.1.5.RELEASE]
	at org.springframework.beans.factory.support.AbstractAutowireCapableBeanFactory.doCreateBean(AbstractAutowireCapableBeanFactory.java:592) ~[spring-beans-5.1.5.RELEASE.jar:5.1.5.RELEASE]
	at org.springframework.beans.factory.support.AbstractAutowireCapableBeanFactory.createBean(AbstractAutowireCapableBeanFactory.java:515) ~[spring-beans-5.1.5.RELEASE.jar:5.1.5.RELEASE]
	at org.springframework.beans.factory.support.AbstractBeanFactory.lambda$doGetBean$0(AbstractBeanFactory.java:320) ~[spring-beans-5.1.5.RELEASE.jar:5.1.5.RELEASE]
	at org.springframework.beans.factory.support.DefaultSingletonBeanRegistry.getSingleton(DefaultSingletonBeanRegistry.java:222) ~[spring-beans-5.1.5.RELEASE.jar:5.1.5.RELEASE]
	at org.springframework.beans.factory.support.AbstractBeanFactory.doGetBean(AbstractBeanFactory.java:318) ~[spring-beans-5.1.5.RELEASE.jar:5.1.5.RELEASE]
	at org.springframework.beans.factory.support.AbstractBeanFactory.getBean(AbstractBeanFactory.java:199) ~[spring-beans-5.1.5.RELEASE.jar:5.1.5.RELEASE]
	at org.springframework.beans.factory.support.DefaultListableBeanFactory.preInstantiateSingletons(DefaultListableBeanFactory.java:849) ~[spring-beans-5.1.5.RELEASE.jar:5.1.5.RELEASE]
	at org.springframework.context.support.AbstractApplicationContext.finishBeanFactoryInitialization(AbstractApplicationContext.java:877) ~[spring-context-5.1.5.RELEASE.jar:5.1.5.RELEASE]
	at org.springframework.context.support.AbstractApplicationContext.refresh(AbstractApplicationContext.java:549) ~[spring-context-5.1.5.RELEASE.jar:5.1.5.RELEASE]
	at org.springframework.boot.SpringApplication.refresh(SpringApplication.java:775) ~[spring-boot-2.1.3.RELEASE.jar:2.1.3.RELEASE]
	at org.springframework.boot.SpringApplication.refreshContext(SpringApplication.java:397) ~[spring-boot-2.1.3.RELEASE.jar:2.1.3.RELEASE]
	at org.springframework.boot.SpringApplication.run(SpringApplication.java:316) ~[spring-boot-2.1.3.RELEASE.jar:2.1.3.RELEASE]
	at org.springframework.boot.test.context.SpringBootContextLoader.loadContext(SpringBootContextLoader.java:127) [spring-boot-test-2.1.3.RELEASE.jar:2.1.3.RELEASE]
	at org.springframework.test.context.cache.DefaultCacheAwareContextLoaderDelegate.loadContextInternal(DefaultCacheAwareContextLoaderDelegate.java:99) [spring-test-5.1.5.RELEASE.jar:5.1.5.RELEASE]
	at org.springframework.test.context.cache.DefaultCacheAwareContextLoaderDelegate.loadContext(DefaultCacheAwareContextLoaderDelegate.java:117) [spring-test-5.1.5.RELEASE.jar:5.1.5.RELEASE]
	at org.springframework.test.context.support.DefaultTestContext.getApplicationContext(DefaultTestContext.java:108) [spring-test-5.1.5.RELEASE.jar:5.1.5.RELEASE]
	at org.springframework.boot.test.autoconfigure.SpringBootDependencyInjectionTestExecutionListener.outputConditionEvaluationReport(SpringBootDependencyInjectionTestExecutionListener.java:54) [spring-boot-test-autoconfigure-2.1.3.RELEASE.jar:2.1.3.RELEASE]
	at org.springframework.boot.test.autoconfigure.SpringBootDependencyInjectionTestExecutionListener.prepareTestInstance(SpringBootDependencyInjectionTestExecutionListener.java:47) [spring-boot-test-autoconfigure-2.1.3.RELEASE.jar:2.1.3.RELEASE]
	at org.springframework.test.context.TestContextManager.prepareTestInstance(TestContextManager.java:246) [spring-test-5.1.5.RELEASE.jar:5.1.5.RELEASE]
	at org.springframework.test.context.junit4.SpringJUnit4ClassRunner.createTest(SpringJUnit4ClassRunner.java:227) [spring-test-5.1.5.RELEASE.jar:5.1.5.RELEASE]
	at org.springframework.test.context.junit4.SpringJUnit4ClassRunner$1.runReflectiveCall(SpringJUnit4ClassRunner.java:289) [spring-test-5.1.5.RELEASE.jar:5.1.5.RELEASE]
	at org.junit.internal.runners.model.ReflectiveCallable.run(ReflectiveCallable.java:12) [junit-4.12.jar:4.12]
	at org.springframework.test.context.junit4.SpringJUnit4ClassRunner.methodBlock(SpringJUnit4ClassRunner.java:291) [spring-test-5.1.5.RELEASE.jar:5.1.5.RELEASE]
	at org.springframework.test.context.junit4.SpringJUnit4ClassRunner.runChild(SpringJUnit4ClassRunner.java:246) [spring-test-5.1.5.RELEASE.jar:5.1.5.RELEASE]
	at org.springframework.test.context.junit4.SpringJUnit4ClassRunner.runChild(SpringJUnit4ClassRunner.java:97) [spring-test-5.1.5.RELEASE.jar:5.1.5.RELEASE]
	at org.junit.runners.ParentRunner$3.run(ParentRunner.java:290) [junit-4.12.jar:4.12]
	at org.junit.runners.ParentRunner$1.schedule(ParentRunner.java:71) [junit-4.12.jar:4.12]
	at org.junit.runners.ParentRunner.runChildren(ParentRunner.java:288) [junit-4.12.jar:4.12]
	at org.junit.runners.ParentRunner.access$000(ParentRunner.java:58) [junit-4.12.jar:4.12]
	at org.junit.runners.ParentRunner$2.evaluate(ParentRunner.java:268) [junit-4.12.jar:4.12]
	at org.springframework.test.context.junit4.statements.RunBeforeTestClassCallbacks.evaluate(RunBeforeTestClassCallbacks.java:61) [spring-test-5.1.5.RELEASE.jar:5.1.5.RELEASE]
	at org.springframework.test.context.junit4.statements.RunAfterTestClassCallbacks.evaluate(RunAfterTestClassCallbacks.java:70) [spring-test-5.1.5.RELEASE.jar:5.1.5.RELEASE]
	at org.junit.runners.ParentRunner.run(ParentRunner.java:363) [junit-4.12.jar:4.12]
	at org.springframework.test.context.junit4.SpringJUnit4ClassRunner.run(SpringJUnit4ClassRunner.java:190) [spring-test-5.1.5.RELEASE.jar:5.1.5.RELEASE]
	at org.apache.maven.surefire.junit4.JUnit4Provider.execute(JUnit4Provider.java:365) [surefire-junit4-2.22.1.jar:2.22.1]
	at org.apache.maven.surefire.junit4.JUnit4Provider.executeWithRerun(JUnit4Provider.java:273) [surefire-junit4-2.22.1.jar:2.22.1]
	at org.apache.maven.surefire.junit4.JUnit4Provider.executeTestSet(JUnit4Provider.java:238) [surefire-junit4-2.22.1.jar:2.22.1]
	at org.apache.maven.surefire.junit4.JUnit4Provider.invoke(JUnit4Provider.java:159) [surefire-junit4-2.22.1.jar:2.22.1]
	at org.apache.maven.surefire.booter.ForkedBooter.invokeProviderInSameClassLoader(ForkedBooter.java:384) [surefire-booter-2.22.1.jar:2.22.1]
	at org.apache.maven.surefire.booter.ForkedBooter.runSuitesInProcess(ForkedBooter.java:345) [surefire-booter-2.22.1.jar:2.22.1]
	at org.apache.maven.surefire.booter.ForkedBooter.execute(ForkedBooter.java:126) [surefire-booter-2.22.1.jar:2.22.1]
	at org.apache.maven.surefire.booter.ForkedBooter.main(ForkedBooter.java:418) [surefire-booter-2.22.1.jar:2.22.1]
Caused by: java.lang.IllegalArgumentException: Could not resolve placeholder 'spring.mqtt.username' in value "${spring.mqtt.username}"
	at org.springframework.util.PropertyPlaceholderHelper.parseStringValue(PropertyPlaceholderHelper.java:172) ~[spring-core-5.1.5.RELEASE.jar:5.1.5.RELEASE]
	at org.springframework.util.PropertyPlaceholderHelper.replacePlaceholders(PropertyPlaceholderHelper.java:124) ~[spring-core-5.1.5.RELEASE.jar:5.1.5.RELEASE]
	at org.springframework.core.env.AbstractPropertyResolver.doResolvePlaceholders(AbstractPropertyResolver.java:237) ~[spring-core-5.1.5.RELEASE.jar:5.1.5.RELEASE]
	at org.springframework.core.env.AbstractPropertyResolver.resolveRequiredPlaceholders(AbstractPropertyResolver.java:211) ~[spring-core-5.1.5.RELEASE.jar:5.1.5.RELEASE]
	at org.springframework.context.support.PropertySourcesPlaceholderConfigurer.lambda$processProperties$0(PropertySourcesPlaceholderConfigurer.java:175) ~[spring-context-5.1.5.RELEASE.jar:5.1.5.RELEASE]
	at org.springframework.beans.factory.support.AbstractBeanFactory.resolveEmbeddedValue(AbstractBeanFactory.java:851) ~[spring-beans-5.1.5.RELEASE.jar:5.1.5.RELEASE]
	at org.springframework.beans.factory.support.DefaultListableBeanFactory.doResolveDependency(DefaultListableBeanFactory.java:1188) ~[spring-beans-5.1.5.RELEASE.jar:5.1.5.RELEASE]
	at org.springframework.beans.factory.support.DefaultListableBeanFactory.resolveDependency(DefaultListableBeanFactory.java:1167) ~[spring-beans-5.1.5.RELEASE.jar:5.1.5.RELEASE]
	at org.springframework.beans.factory.annotation.AutowiredAnnotationBeanPostProcessor$AutowiredFieldElement.inject(AutowiredAnnotationBeanPostProcessor.java:593) ~[spring-beans-5.1.5.RELEASE.jar:5.1.5.RELEASE]
	at org.springframework.beans.factory.annotation.InjectionMetadata.inject(InjectionMetadata.java:90) ~[spring-beans-5.1.5.RELEASE.jar:5.1.5.RELEASE]
	at org.springframework.beans.factory.annotation.AutowiredAnnotationBeanPostProcessor.postProcessProperties(AutowiredAnnotationBeanPostProcessor.java:374) ~[spring-beans-5.1.5.RELEASE.jar:5.1.5.RELEASE]
	... 43 common frames omitted

2019-03-09 12:36:03.984 ERROR 20260 --- [           main] o.s.test.context.TestContextManager      : Caught exception while allowing TestExecutionListener [org.springframework.boot.test.autoconfigure.SpringBootDependencyInjectionTestExecutionListener@28701274] to prepare test instance [com.example.demo.DemoApplicationTests@9d5509a]

java.lang.IllegalStateException: Failed to load ApplicationContext
	at org.springframework.test.context.cache.DefaultCacheAwareContextLoaderDelegate.loadContext(DefaultCacheAwareContextLoaderDelegate.java:125) ~[spring-test-5.1.5.RELEASE.jar:5.1.5.RELEASE]
	at org.springframework.test.context.support.DefaultTestContext.getApplicationContext(DefaultTestContext.java:108) ~[spring-test-5.1.5.RELEASE.jar:5.1.5.RELEASE]
	at org.springframework.test.context.support.DependencyInjectionTestExecutionListener.injectDependencies(DependencyInjectionTestExecutionListener.java:118) ~[spring-test-5.1.5.RELEASE.jar:5.1.5.RELEASE]
	at org.springframework.test.context.support.DependencyInjectionTestExecutionListener.prepareTestInstance(DependencyInjectionTestExecutionListener.java:83) ~[spring-test-5.1.5.RELEASE.jar:5.1.5.RELEASE]
	at org.springframework.boot.test.autoconfigure.SpringBootDependencyInjectionTestExecutionListener.prepareTestInstance(SpringBootDependencyInjectionTestExecutionListener.java:44) ~[spring-boot-test-autoconfigure-2.1.3.RELEASE.jar:2.1.3.RELEASE]
	at org.springframework.test.context.TestContextManager.prepareTestInstance(TestContextManager.java:246) ~[spring-test-5.1.5.RELEASE.jar:5.1.5.RELEASE]
	at org.springframework.test.context.junit4.SpringJUnit4ClassRunner.createTest(SpringJUnit4ClassRunner.java:227) [spring-test-5.1.5.RELEASE.jar:5.1.5.RELEASE]
	at org.springframework.test.context.junit4.SpringJUnit4ClassRunner$1.runReflectiveCall(SpringJUnit4ClassRunner.java:289) [spring-test-5.1.5.RELEASE.jar:5.1.5.RELEASE]
	at org.junit.internal.runners.model.ReflectiveCallable.run(ReflectiveCallable.java:12) [junit-4.12.jar:4.12]
	at org.springframework.test.context.junit4.SpringJUnit4ClassRunner.methodBlock(SpringJUnit4ClassRunner.java:291) [spring-test-5.1.5.RELEASE.jar:5.1.5.RELEASE]
	at org.springframework.test.context.junit4.SpringJUnit4ClassRunner.runChild(SpringJUnit4ClassRunner.java:246) [spring-test-5.1.5.RELEASE.jar:5.1.5.RELEASE]
	at org.springframework.test.context.junit4.SpringJUnit4ClassRunner.runChild(SpringJUnit4ClassRunner.java:97) [spring-test-5.1.5.RELEASE.jar:5.1.5.RELEASE]
	at org.junit.runners.ParentRunner$3.run(ParentRunner.java:290) [junit-4.12.jar:4.12]
	at org.junit.runners.ParentRunner$1.schedule(ParentRunner.java:71) [junit-4.12.jar:4.12]
	at org.junit.runners.ParentRunner.runChildren(ParentRunner.java:288) [junit-4.12.jar:4.12]
	at org.junit.runners.ParentRunner.access$000(ParentRunner.java:58) [junit-4.12.jar:4.12]
	at org.junit.runners.ParentRunner$2.evaluate(ParentRunner.java:268) [junit-4.12.jar:4.12]
	at org.springframework.test.context.junit4.statements.RunBeforeTestClassCallbacks.evaluate(RunBeforeTestClassCallbacks.java:61) [spring-test-5.1.5.RELEASE.jar:5.1.5.RELEASE]
	at org.springframework.test.context.junit4.statements.RunAfterTestClassCallbacks.evaluate(RunAfterTestClassCallbacks.java:70) [spring-test-5.1.5.RELEASE.jar:5.1.5.RELEASE]
	at org.junit.runners.ParentRunner.run(ParentRunner.java:363) [junit-4.12.jar:4.12]
	at org.springframework.test.context.junit4.SpringJUnit4ClassRunner.run(SpringJUnit4ClassRunner.java:190) [spring-test-5.1.5.RELEASE.jar:5.1.5.RELEASE]
	at org.apache.maven.surefire.junit4.JUnit4Provider.execute(JUnit4Provider.java:365) [surefire-junit4-2.22.1.jar:2.22.1]
	at org.apache.maven.surefire.junit4.JUnit4Provider.executeWithRerun(JUnit4Provider.java:273) [surefire-junit4-2.22.1.jar:2.22.1]
	at org.apache.maven.surefire.junit4.JUnit4Provider.executeTestSet(JUnit4Provider.java:238) [surefire-junit4-2.22.1.jar:2.22.1]
	at org.apache.maven.surefire.junit4.JUnit4Provider.invoke(JUnit4Provider.java:159) [surefire-junit4-2.22.1.jar:2.22.1]
	at org.apache.maven.surefire.booter.ForkedBooter.invokeProviderInSameClassLoader(ForkedBooter.java:384) [surefire-booter-2.22.1.jar:2.22.1]
	at org.apache.maven.surefire.booter.ForkedBooter.runSuitesInProcess(ForkedBooter.java:345) [surefire-booter-2.22.1.jar:2.22.1]
	at org.apache.maven.surefire.booter.ForkedBooter.execute(ForkedBooter.java:126) [surefire-booter-2.22.1.jar:2.22.1]
	at org.apache.maven.surefire.booter.ForkedBooter.main(ForkedBooter.java:418) [surefire-booter-2.22.1.jar:2.22.1]
Caused by: org.springframework.beans.factory.BeanCreationException: Error creating bean with name 'mqttSenderConfig': Injection of autowired dependencies failed; nested exception is java.lang.IllegalArgumentException: Could not resolve placeholder 'spring.mqtt.username' in value "${spring.mqtt.username}"
	at org.springframework.beans.factory.annotation.AutowiredAnnotationBeanPostProcessor.postProcessProperties(AutowiredAnnotationBeanPostProcessor.java:380) ~[spring-beans-5.1.5.RELEASE.jar:5.1.5.RELEASE]
	at org.springframework.beans.factory.support.AbstractAutowireCapableBeanFactory.populateBean(AbstractAutowireCapableBeanFactory.java:1395) ~[spring-beans-5.1.5.RELEASE.jar:5.1.5.RELEASE]
	at org.springframework.beans.factory.support.AbstractAutowireCapableBeanFactory.doCreateBean(AbstractAutowireCapableBeanFactory.java:592) ~[spring-beans-5.1.5.RELEASE.jar:5.1.5.RELEASE]
	at org.springframework.beans.factory.support.AbstractAutowireCapableBeanFactory.createBean(AbstractAutowireCapableBeanFactory.java:515) ~[spring-beans-5.1.5.RELEASE.jar:5.1.5.RELEASE]
	at org.springframework.beans.factory.support.AbstractBeanFactory.lambda$doGetBean$0(AbstractBeanFactory.java:320) ~[spring-beans-5.1.5.RELEASE.jar:5.1.5.RELEASE]
	at org.springframework.beans.factory.support.DefaultSingletonBeanRegistry.getSingleton(DefaultSingletonBeanRegistry.java:222) ~[spring-beans-5.1.5.RELEASE.jar:5.1.5.RELEASE]
	at org.springframework.beans.factory.support.AbstractBeanFactory.doGetBean(AbstractBeanFactory.java:318) ~[spring-beans-5.1.5.RELEASE.jar:5.1.5.RELEASE]
	at org.springframework.beans.factory.support.AbstractBeanFactory.getBean(AbstractBeanFactory.java:199) ~[spring-beans-5.1.5.RELEASE.jar:5.1.5.RELEASE]
	at org.springframework.beans.factory.support.DefaultListableBeanFactory.preInstantiateSingletons(DefaultListableBeanFactory.java:849) ~[spring-beans-5.1.5.RELEASE.jar:5.1.5.RELEASE]
	at org.springframework.context.support.AbstractApplicationContext.finishBeanFactoryInitialization(AbstractApplicationContext.java:877) ~[spring-context-5.1.5.RELEASE.jar:5.1.5.RELEASE]
	at org.springframework.context.support.AbstractApplicationContext.refresh(AbstractApplicationContext.java:549) ~[spring-context-5.1.5.RELEASE.jar:5.1.5.RELEASE]
	at org.springframework.boot.SpringApplication.refresh(SpringApplication.java:775) ~[spring-boot-2.1.3.RELEASE.jar:2.1.3.RELEASE]
	at org.springframework.boot.SpringApplication.refreshContext(SpringApplication.java:397) ~[spring-boot-2.1.3.RELEASE.jar:2.1.3.RELEASE]
	at org.springframework.boot.SpringApplication.run(SpringApplication.java:316) ~[spring-boot-2.1.3.RELEASE.jar:2.1.3.RELEASE]
	at org.springframework.boot.test.context.SpringBootContextLoader.loadContext(SpringBootContextLoader.java:127) ~[spring-boot-test-2.1.3.RELEASE.jar:2.1.3.RELEASE]
	at org.springframework.test.context.cache.DefaultCacheAwareContextLoaderDelegate.loadContextInternal(DefaultCacheAwareContextLoaderDelegate.java:99) ~[spring-test-5.1.5.RELEASE.jar:5.1.5.RELEASE]
	at org.springframework.test.context.cache.DefaultCacheAwareContextLoaderDelegate.loadContext(DefaultCacheAwareContextLoaderDelegate.java:117) ~[spring-test-5.1.5.RELEASE.jar:5.1.5.RELEASE]
	... 28 common frames omitted
Caused by: java.lang.IllegalArgumentException: Could not resolve placeholder 'spring.mqtt.username' in value "${spring.mqtt.username}"
	at org.springframework.util.PropertyPlaceholderHelper.parseStringValue(PropertyPlaceholderHelper.java:172) ~[spring-core-5.1.5.RELEASE.jar:5.1.5.RELEASE]
	at org.springframework.util.PropertyPlaceholderHelper.replacePlaceholders(PropertyPlaceholderHelper.java:124) ~[spring-core-5.1.5.RELEASE.jar:5.1.5.RELEASE]
	at org.springframework.core.env.AbstractPropertyResolver.doResolvePlaceholders(AbstractPropertyResolver.java:237) ~[spring-core-5.1.5.RELEASE.jar:5.1.5.RELEASE]
	at org.springframework.core.env.AbstractPropertyResolver.resolveRequiredPlaceholders(AbstractPropertyResolver.java:211) ~[spring-core-5.1.5.RELEASE.jar:5.1.5.RELEASE]
	at org.springframework.context.support.PropertySourcesPlaceholderConfigurer.lambda$processProperties$0(PropertySourcesPlaceholderConfigurer.java:175) ~[spring-context-5.1.5.RELEASE.jar:5.1.5.RELEASE]
	at org.springframework.beans.factory.support.AbstractBeanFactory.resolveEmbeddedValue(AbstractBeanFactory.java:851) ~[spring-beans-5.1.5.RELEASE.jar:5.1.5.RELEASE]
	at org.springframework.beans.factory.support.DefaultListableBeanFactory.doResolveDependency(DefaultListableBeanFactory.java:1188) ~[spring-beans-5.1.5.RELEASE.jar:5.1.5.RELEASE]
	at org.springframework.beans.factory.support.DefaultListableBeanFactory.resolveDependency(DefaultListableBeanFactory.java:1167) ~[spring-beans-5.1.5.RELEASE.jar:5.1.5.RELEASE]
	at org.springframework.beans.factory.annotation.AutowiredAnnotationBeanPostProcessor$AutowiredFieldElement.inject(AutowiredAnnotationBeanPostProcessor.java:593) ~[spring-beans-5.1.5.RELEASE.jar:5.1.5.RELEASE]
	at org.springframework.beans.factory.annotation.InjectionMetadata.inject(InjectionMetadata.java:90) ~[spring-beans-5.1.5.RELEASE.jar:5.1.5.RELEASE]
	at org.springframework.beans.factory.annotation.AutowiredAnnotationBeanPostProcessor.postProcessProperties(AutowiredAnnotationBeanPostProcessor.java:374) ~[spring-beans-5.1.5.RELEASE.jar:5.1.5.RELEASE]
	... 44 common frames omitted

]]></system-out>
  </testcase>
</testsuite>